<?xml version="1.0" encoding="UTF-8"?>
<testng-results ignored="0" total="1" passed="1" failed="0" skipped="0">
  <reporter-output>
  </reporter-output>
  <suite started-at="2026-03-04T01:01:22 IST" name="Default suite" finished-at="2026-03-04T01:01:56 IST" duration-ms="34246">
    <groups>
    </groups>
    <test started-at="2026-03-04T01:01:22 IST" name="Default test" finished-at="2026-03-04T01:01:56 IST" duration-ms="34246">
      <class name="FrontEndAutomation.E2ETest">
        <test-method is-config="true" signature="connectToDB()[pri:0, instance:FrontEndAutomation.E2ETest@6f03482]" started-at="2026-03-04T01:01:22 IST" name="connectToDB" finished-at="2026-03-04T01:01:22 IST" duration-ms="31" status="PASS">
          <reporter-output>
          </reporter-output>
        </test-method> <!-- connectToDB -->
        <test-method is-config="true" signature="launchBrowser()[pri:0, instance:FrontEndAutomation.E2ETest@6f03482]" started-at="2026-03-04T01:01:22 IST" name="launchBrowser" finished-at="2026-03-04T01:01:30 IST" duration-ms="8052" status="PASS">
          <reporter-output>
          </reporter-output>
        </test-method> <!-- launchBrowser -->
        <test-method signature="logIn()[pri:0, instance:FrontEndAutomation.E2ETest@6f03482]" started-at="2026-03-04T01:01:30 IST" name="logIn" finished-at="2026-03-04T01:01:56 IST" duration-ms="25978" status="PASS">
          <reporter-output>
          </reporter-output>
        </test-method> <!-- logIn -->
        <test-method is-config="true" signature="closeBrowser()[pri:0, instance:FrontEndAutomation.E2ETest@6f03482]" started-at="2026-03-04T01:01:56 IST" name="closeBrowser" finished-at="2026-03-04T01:01:56 IST" duration-ms="2" status="PASS">
          <reporter-output>
          </reporter-output>
        </test-method> <!-- closeBrowser -->
        <test-method is-config="true" signature="DisConnectDB()[pri:0, instance:FrontEndAutomation.E2ETest@6f03482]" started-at="2026-03-04T01:01:56 IST" name="DisConnectDB" finished-at="2026-03-04T01:01:56 IST" duration-ms="5" status="PASS">
          <reporter-output>
          </reporter-output>
        </test-method> <!-- DisConnectDB -->
      </class> <!-- FrontEndAutomation.E2ETest -->
    </test> <!-- Default test -->
  </suite> <!-- Default suite -->
</testng-results>
